I, [2022-11-13T00:51:53.495519 #75856]  INFO -- : Registered expected interaction POST /todo
D, [2022-11-13T00:51:53.495796 #75856] DEBUG -- : {
  "description": "A create to todo",
  "providerState": "exists test-user",
  "request": {
    "method": "POST",
    "path": "/todo",
    "headers": {
      "Authorization": "Bearer test-user-token",
      "Content-Type": "application/json"
    },
    "body": {
      "title": "歯を磨く"
    }
  },
  "response": {
    "status": 201,
    "headers": {
      "Content-Type": "application/json"
    },
    "body": {
      "done": {
        "json_class": "Pact::SomethingLike",
        "contents": false
      },
      "id": {
        "json_class": "Pact::SomethingLike",
        "contents": "1"
      },
      "title": {
        "json_class": "Pact::SomethingLike",
        "contents": "task"
      }
    }
  },
  "metadata": null
}
I, [2022-11-13T00:51:53.653311 #75856]  INFO -- : Registered expected interaction PATCH /todo/1
D, [2022-11-13T00:51:53.653921 #75856] DEBUG -- : {
  "description": "A finish to todo",
  "providerState": "exists todo",
  "request": {
    "method": "PATCH",
    "path": "/todo/1",
    "headers": {
      "Authorization": "Bearer test-user-token",
      "Content-Type": "application/json"
    }
  },
  "response": {
    "status": 200,
    "headers": {
      "Content-Type": "application/json"
    }
  },
  "metadata": null
}
I, [2022-11-13T00:51:53.656339 #75856]  INFO -- : Received request POST /todo
D, [2022-11-13T00:51:53.656626 #75856] DEBUG -- : {
  "path": "/todo",
  "query": "",
  "method": "post",
  "body": {
    "title": "歯を磨く"
  },
  "headers": {
    "Content-Length": "24",
    "Content-Type": "application/json",
    "Host": "localhost:54987",
    "User-Agent": "Go-http-client/1.1",
    "Authorization": "Bearer test-user-token",
    "Accept-Encoding": "gzip",
    "Version": "HTTP/1.1"
  }
}
I, [2022-11-13T00:51:53.657497 #75856]  INFO -- : Found matching response for POST /todo
D, [2022-11-13T00:51:53.657920 #75856] DEBUG -- : {
  "status": 201,
  "headers": {
    "Content-Type": "application/json"
  },
  "body": {
    "done": {
      "json_class": "Pact::SomethingLike",
      "contents": false
    },
    "id": {
      "json_class": "Pact::SomethingLike",
      "contents": "1"
    },
    "title": {
      "json_class": "Pact::SomethingLike",
      "contents": "task"
    }
  }
}
I, [2022-11-13T00:51:53.659863 #75856]  INFO -- : Received request PATCH /todo/1
D, [2022-11-13T00:51:53.660186 #75856] DEBUG -- : {
  "path": "/todo/1",
  "query": "",
  "method": "patch",
  "headers": {
    "Content-Type": "application/json",
    "Host": "localhost:54987",
    "User-Agent": "Go-http-client/1.1",
    "Authorization": "Bearer test-user-token",
    "Accept-Encoding": "gzip",
    "Version": "HTTP/1.1"
  }
}
I, [2022-11-13T00:51:53.660526 #75856]  INFO -- : Found matching response for PATCH /todo/1
D, [2022-11-13T00:51:53.660682 #75856] DEBUG -- : {
  "status": 200,
  "headers": {
    "Content-Type": "application/json"
  }
}
I, [2022-11-13T00:51:53.662206 #75856]  INFO -- : Verifying - interactions matched
I, [2022-11-13T00:51:53.663553 #75856]  INFO -- : Cleared interactions
